Traceback (most recent call last):
  File "/Users/stepanzh/Venv/jupyterbook/lib/python3.8/site-packages/jupyter_cache/executors/utils.py", line 51, in single_nb_execution
    executenb(
  File "/Users/stepanzh/Venv/jupyterbook/lib/python3.8/site-packages/nbclient/client.py", line 1117, in execute
    return NotebookClient(nb=nb, resources=resources, km=km, **kwargs).execute()
  File "/Users/stepanzh/Venv/jupyterbook/lib/python3.8/site-packages/nbclient/util.py", line 78, in wrapped
    return just_run(coro(*args, **kwargs))
  File "/Users/stepanzh/Venv/jupyterbook/lib/python3.8/site-packages/nbclient/util.py", line 57, in just_run
    return loop.run_until_complete(coro)
  File "/usr/local/opt/python@3.8/Frameworks/Python.framework/Versions/3.8/lib/python3.8/asyncio/base_events.py", line 616, in run_until_complete
    return future.result()
  File "/Users/stepanzh/Venv/jupyterbook/lib/python3.8/site-packages/nbclient/client.py", line 558, in async_execute
    await self.async_execute_cell(
  File "/Users/stepanzh/Venv/jupyterbook/lib/python3.8/site-packages/nbclient/client.py", line 862, in async_execute_cell
    self._check_raise_for_error(cell, exec_reply)
  File "/Users/stepanzh/Venv/jupyterbook/lib/python3.8/site-packages/nbclient/client.py", line 765, in _check_raise_for_error
    raise CellExecutionError.from_cell_and_msg(cell, exec_reply_content)
nbclient.exceptions.CellExecutionError: An error occurred while executing the following cell:
------------------
L, U = lufact(A)
z = forwardsub(L, b)
x = backwardsub(U, z)
------------------

MethodError: no method matching forwardsub(::LowerTriangular{Float64, Matrix{Float64}}, ::Matrix{Float64})

You might have used a 2d row vector where a 1d column vector was required.
Note the difference between 1d column vector [1,2,3] and 2d row vector [1 2 3].
You can convert to a column vector with the vec() function.
[0mClosest candidates are:
[0m  forwardsub(::AbstractMatrix{T} where T, [91m::AbstractVector{T} where T[39m) at /Users/stepanzh/JIHT/computational_thermodynamics/book/src.jl:458

Stacktrace:
 [1] top-level scope
   @ In[13]:2
 [2] eval
   @ ./boot.jl:360 [inlined]
 [3] include_string(mapexpr::typeof(REPL.softscope), mod::Module, code::String, filename::String)
   @ Base ./loading.jl:1116
LoadError: MethodError: no method matching forwardsub(::LowerTriangular{Float64, Matrix{Float64}}, ::Matrix{Float64})

You might have used a 2d row vector where a 1d column vector was required.
Note the difference between 1d column vector [1,2,3] and 2d row vector [1 2 3].
You can convert to a column vector with the vec() function.
[0mClosest candidates are:
[0m  forwardsub(::AbstractMatrix{T} where T, [91m::AbstractVector{T} where T[39m) at /Users/stepanzh/JIHT/computational_thermodynamics/book/src.jl:458

