Traceback (most recent call last):
  File "/Users/stepanzh/Venv/jupyterbook/lib/python3.8/site-packages/jupyter_cache/executors/utils.py", line 51, in single_nb_execution
    executenb(
  File "/Users/stepanzh/Venv/jupyterbook/lib/python3.8/site-packages/nbclient/client.py", line 1117, in execute
    return NotebookClient(nb=nb, resources=resources, km=km, **kwargs).execute()
  File "/Users/stepanzh/Venv/jupyterbook/lib/python3.8/site-packages/nbclient/util.py", line 78, in wrapped
    return just_run(coro(*args, **kwargs))
  File "/Users/stepanzh/Venv/jupyterbook/lib/python3.8/site-packages/nbclient/util.py", line 57, in just_run
    return loop.run_until_complete(coro)
  File "/usr/local/opt/python@3.8/Frameworks/Python.framework/Versions/3.8/lib/python3.8/asyncio/base_events.py", line 616, in run_until_complete
    return future.result()
  File "/Users/stepanzh/Venv/jupyterbook/lib/python3.8/site-packages/nbclient/client.py", line 558, in async_execute
    await self.async_execute_cell(
  File "/Users/stepanzh/Venv/jupyterbook/lib/python3.8/site-packages/nbclient/client.py", line 862, in async_execute_cell
    self._check_raise_for_error(cell, exec_reply)
  File "/Users/stepanzh/Venv/jupyterbook/lib/python3.8/site-packages/nbclient/client.py", line 765, in _check_raise_for_error
    raise CellExecutionError.from_cell_and_msg(cell, exec_reply_content)
nbclient.exceptions.CellExecutionError: An error occurred while executing the following cell:
------------------
foo(x) = x * exp(sin(2x))
plt = plot(layout=(2,1), leg=:none, xlabel=L"x")
for (i, n) in enumerate((8, 16))
    _, x, y = midpoint(foo, 0, 3, n)
    plot!(foo, 0, 3; subplot=i, label=foo_label, linewidth=2, linecolor=:red)

    for (px, py) in zip(x, y)
        h = 3 / n
        plot!([px-h/2, px+h/2], [py, py];
            subplot=i, fill=(0, 0.1, :blue), linecolor=:blue, linewidth=2
        )
    end
    scatter!(x, y; subplot=i, marker=:o, markercolor=:lightblue)
end
plt
------------------

UndefVarError: foo_label not defined

Stacktrace:
 [1] top-level scope
   @ ./In[2]:5
 [2] eval
   @ ./boot.jl:360 [inlined]
 [3] include_string(mapexpr::typeof(REPL.softscope), mod::Module, code::String, filename::String)
   @ Base ./loading.jl:1116
LoadError: UndefVarError: foo_label not defined

